TN:
SF:src/app.js
FN:28,buildApp
FN:30,(anonymous_1)
FN:56,(anonymous_2)
FN:62,startServer
FN:69,(anonymous_4)
FN:72,(anonymous_5)
FN:98,(anonymous_6)
FN:101,(anonymous_7)
FN:113,(anonymous_8)
FNF:9
FNH:4
FNDA:2,buildApp
FNDA:0,(anonymous_1)
FNDA:0,(anonymous_2)
FNDA:2,startServer
FNDA:2,(anonymous_4)
FNDA:2,(anonymous_5)
FNDA:0,(anonymous_6)
FNDA:0,(anonymous_7)
FNDA:0,(anonymous_8)
DA:9,2
DA:11,2
DA:12,2
DA:14,2
DA:17,2
DA:18,2
DA:19,2
DA:21,2
DA:23,2
DA:24,2
DA:25,2
DA:26,2
DA:29,2
DA:30,2
DA:31,0
DA:33,2
DA:42,2
DA:43,2
DA:44,2
DA:45,2
DA:46,2
DA:47,2
DA:48,2
DA:49,2
DA:50,2
DA:51,2
DA:52,2
DA:53,2
DA:56,0
DA:58,2
DA:59,2
DA:64,2
DA:65,0
DA:67,2
DA:68,2
DA:69,2
DA:70,2
DA:73,2
DA:74,1
DA:75,1
DA:77,2
DA:78,0
DA:79,0
DA:80,0
DA:82,0
DA:83,0
DA:90,2
DA:91,2
DA:92,2
DA:93,0
DA:94,0
DA:98,2
DA:99,0
DA:100,0
DA:101,0
DA:103,0
DA:104,0
DA:107,2
DA:108,2
DA:112,2
DA:113,0
DA:114,0
DA:115,0
LF:63
LH:45
BRDA:56,0,0,0
BRDA:56,0,1,0
BRDA:64,1,0,0
BRDA:64,1,1,2
BRDA:71,2,0,2
BRDA:71,2,1,0
BRDA:73,3,0,1
BRDA:73,3,1,1
BRDA:77,4,0,0
BRDA:77,4,1,2
BRDA:84,5,0,0
BRDA:84,5,1,0
BRDA:92,6,0,0
BRDA:92,6,1,2
BRDA:112,7,0,0
BRDA:112,7,1,2
BRF:16
BRH:7
end_of_record
TN:
SF:src/broker/broker.js
FN:11,(anonymous_0)
FN:32,(anonymous_1)
FN:36,(anonymous_2)
FN:53,(anonymous_3)
FN:55,(anonymous_4)
FN:57,(anonymous_5)
FN:60,(anonymous_6)
FN:63,(anonymous_7)
FN:66,(anonymous_8)
FN:69,(anonymous_9)
FN:72,(anonymous_10)
FN:75,(anonymous_11)
FN:78,(anonymous_12)
FN:81,(anonymous_13)
FN:84,(anonymous_14)
FN:97,(anonymous_15)
FN:127,(anonymous_16)
FN:138,(anonymous_17)
FN:149,(anonymous_18)
FN:158,(anonymous_19)
FN:167,(anonymous_20)
FN:178,(anonymous_21)
FN:189,(anonymous_22)
FN:212,(anonymous_23)
FN:231,(anonymous_24)
FN:235,(anonymous_25)
FN:245,(anonymous_26)
FN:249,(anonymous_27)
FN:262,(anonymous_28)
FN:263,(anonymous_29)
FN:275,(anonymous_30)
FN:277,(anonymous_31)
FN:290,(anonymous_32)
FN:308,(anonymous_33)
FN:316,(anonymous_34)
FN:333,(anonymous_35)
FN:356,(anonymous_36)
FN:357,(anonymous_37)
FNF:38
FNH:37
FNDA:52,(anonymous_0)
FNDA:52,(anonymous_1)
FNDA:45,(anonymous_2)
FNDA:52,(anonymous_3)
FNDA:60,(anonymous_4)
FNDA:208,(anonymous_5)
FNDA:198,(anonymous_6)
FNDA:180,(anonymous_7)
FNDA:187,(anonymous_8)
FNDA:14,(anonymous_9)
FNDA:14,(anonymous_10)
FNDA:4,(anonymous_11)
FNDA:14,(anonymous_12)
FNDA:3,(anonymous_13)
FNDA:66,(anonymous_14)
FNDA:317,(anonymous_15)
FNDA:208,(anonymous_16)
FNDA:2,(anonymous_17)
FNDA:3,(anonymous_18)
FNDA:26,(anonymous_19)
FNDA:2,(anonymous_20)
FNDA:191,(anonymous_21)
FNDA:10,(anonymous_22)
FNDA:3,(anonymous_23)
FNDA:2,(anonymous_24)
FNDA:2,(anonymous_25)
FNDA:2,(anonymous_26)
FNDA:2,(anonymous_27)
FNDA:5,(anonymous_28)
FNDA:13,(anonymous_29)
FNDA:2,(anonymous_30)
FNDA:7,(anonymous_31)
FNDA:2,(anonymous_32)
FNDA:3,(anonymous_33)
FNDA:0,(anonymous_34)
FNDA:2,(anonymous_35)
FNDA:49,(anonymous_36)
FNDA:61,(anonymous_37)
DA:12,52
DA:13,52
DA:14,52
DA:15,52
DA:26,52
DA:29,52
DA:33,52
DA:34,52
DA:35,52
DA:36,52
DA:37,45
DA:38,45
DA:39,45
DA:41,45
DA:55,52
DA:57,60
DA:58,208
DA:60,60
DA:61,198
DA:63,60
DA:64,180
DA:66,60
DA:67,187
DA:69,60
DA:70,14
DA:72,60
DA:73,14
DA:75,60
DA:76,4
DA:78,60
DA:79,14
DA:81,60
DA:82,3
DA:84,60
DA:85,66
DA:98,317
DA:99,106
DA:100,105
DA:103,105
DA:104,105
DA:107,105
DA:108,105
DA:111,105
DA:112,105
DA:114,316
DA:128,208
DA:139,2
DA:150,3
DA:159,26
DA:168,2
DA:169,1
DA:179,191
DA:180,190
DA:190,10
DA:191,8
DA:192,8
DA:195,2
DA:200,2
DA:201,3
DA:204,2
DA:213,3
DA:214,2
DA:219,1
DA:220,1
DA:221,2
DA:224,1
DA:232,2
DA:233,1
DA:235,1
DA:236,2
DA:246,2
DA:247,1
DA:249,1
DA:250,2
DA:263,5
DA:264,13
DA:277,2
DA:278,7
DA:283,2
DA:291,2
DA:293,2
DA:294,2
DA:295,2
DA:299,2
DA:309,3
DA:310,3
DA:312,2
DA:314,2
DA:315,0
DA:316,0
DA:318,0
DA:319,0
DA:323,0
DA:324,0
DA:325,0
DA:326,0
DA:327,0
DA:328,0
DA:329,0
DA:333,2
DA:334,2
DA:335,2
DA:336,2
DA:337,2
DA:338,2
DA:340,2
DA:341,2
DA:342,2
DA:345,2
DA:346,2
DA:347,2
DA:350,2
DA:357,61
DA:358,49
DA:359,49
LF:115
LH:104
BRDA:11,0,0,4
BRDA:33,1,0,0
BRDA:33,1,1,52
BRDA:37,2,0,45
BRDA:37,2,1,0
BRDA:39,3,0,45
BRDA:39,3,1,0
BRDA:97,4,0,308
BRDA:97,5,0,309
BRDA:98,6,0,106
BRDA:98,6,1,211
BRDA:99,7,0,1
BRDA:99,7,1,105
BRDA:103,8,0,105
BRDA:103,8,1,0
BRDA:107,9,0,105
BRDA:107,9,1,0
BRDA:127,10,0,187
BRDA:168,11,0,1
BRDA:168,11,1,1
BRDA:179,12,0,190
BRDA:179,12,1,1
BRDA:189,13,0,2
BRDA:190,14,0,8
BRDA:190,14,1,2
BRDA:192,15,0,7
BRDA:192,15,1,1
BRDA:212,16,0,1
BRDA:213,17,0,2
BRDA:213,17,1,1
BRDA:215,18,0,2
BRDA:215,18,1,0
BRDA:231,19,0,1
BRDA:232,20,0,1
BRDA:232,20,1,1
BRDA:245,21,0,1
BRDA:246,22,0,1
BRDA:246,22,1,1
BRDA:262,23,0,2
BRDA:275,24,0,2
BRDA:279,25,0,7
BRDA:279,25,1,2
BRDA:294,26,0,2
BRDA:294,26,1,0
BRDA:308,27,0,3
BRDA:310,28,0,1
BRDA:310,28,1,2
BRDA:314,29,0,0
BRDA:314,29,1,2
BRDA:318,30,0,0
BRDA:318,30,1,0
BRDA:345,31,0,2
BRDA:345,31,1,0
BRF:53
BRH:42
end_of_record
TN:
SF:src/broker/queue.js
FN:9,(anonymous_0)
FN:42,(anonymous_1)
FN:78,(anonymous_2)
FN:79,(anonymous_3)
FN:92,(anonymous_4)
FN:95,(anonymous_5)
FN:105,(anonymous_6)
FN:112,(anonymous_7)
FN:121,(anonymous_8)
FN:128,(anonymous_9)
FN:173,(anonymous_10)
FN:198,(anonymous_11)
FN:214,(anonymous_12)
FN:235,(anonymous_13)
FN:236,(anonymous_14)
FN:252,(anonymous_15)
FN:264,(anonymous_16)
FN:279,(anonymous_17)
FN:280,(anonymous_18)
FN:299,(anonymous_19)
FN:305,(anonymous_20)
FN:318,(anonymous_21)
FN:322,(anonymous_22)
FN:325,(anonymous_23)
FN:328,(anonymous_24)
FN:330,(anonymous_25)
FN:343,(anonymous_26)
FN:346,(anonymous_27)
FN:359,(anonymous_28)
FNF:29
FNH:28
FNDA:144,(anonymous_0)
FNDA:240,(anonymous_1)
FNDA:242,(anonymous_2)
FNDA:5553,(anonymous_3)
FNDA:153,(anonymous_4)
FNDA:7539,(anonymous_5)
FNDA:147,(anonymous_6)
FNDA:0,(anonymous_7)
FNDA:7551,(anonymous_8)
FNDA:12365,(anonymous_9)
FNDA:27,(anonymous_10)
FNDA:21,(anonymous_11)
FNDA:6,(anonymous_12)
FNDA:199,(anonymous_13)
FNDA:5730,(anonymous_14)
FNDA:46,(anonymous_15)
FNDA:3,(anonymous_16)
FNDA:210,(anonymous_17)
FNDA:211,(anonymous_18)
FNDA:416,(anonymous_19)
FNDA:22547,(anonymous_20)
FNDA:11,(anonymous_21)
FNDA:22,(anonymous_22)
FNDA:22,(anonymous_23)
FNDA:22,(anonymous_24)
FNDA:22,(anonymous_25)
FNDA:6,(anonymous_26)
FNDA:9,(anonymous_27)
FNDA:101,(anonymous_28)
DA:10,144
DA:11,144
DA:12,144
DA:13,144
DA:14,144
DA:15,144
DA:16,144
DA:17,144
DA:18,144
DA:20,144
DA:30,144
DA:43,240
DA:44,240
DA:46,240
DA:60,240
DA:61,240
DA:64,240
DA:66,240
DA:72,240
DA:79,242
DA:81,5553
DA:82,16
DA:85,5537
DA:93,153
DA:95,152
DA:96,7539
DA:99,152
DA:106,147
DA:107,108
DA:108,108
DA:112,147
DA:113,147
DA:115,147
DA:122,7551
DA:124,7551
DA:127,7551
DA:129,12365
DA:134,7551
DA:136,210
DA:138,210
DA:139,210
DA:140,210
DA:142,210
DA:147,210
DA:149,210
DA:152,189
DA:153,183
DA:154,183
DA:160,6
DA:163,21
DA:166,210
DA:167,210
DA:174,27
DA:176,27
DA:177,6
DA:178,6
DA:182,21
DA:184,21
DA:185,21
DA:187,21
DA:199,21
DA:201,21
DA:208,21
DA:215,6
DA:217,6
DA:218,6
DA:225,6
DA:236,5730
DA:237,199
DA:238,197
DA:239,197
DA:240,197
DA:244,197
DA:253,46
DA:254,46
DA:265,3
DA:266,3
DA:267,3
DA:268,3
DA:280,210
DA:281,211
DA:282,211
DA:284,21
DA:289,21
DA:293,210
DA:300,416
DA:302,416
DA:303,416
DA:305,22547
DA:308,1
DA:319,11
DA:322,22
DA:325,22
DA:328,22
DA:330,22
DA:337,11
DA:344,6
DA:345,6
DA:346,9
DA:348,6
DA:350,6
DA:351,6
DA:353,6
DA:360,101
DA:361,101
DA:362,101
LF:106
LH:106
BRDA:22,0,0,144
BRDA:22,0,1,0
BRDA:42,1,0,20
BRDA:51,2,0,240
BRDA:51,2,1,235
BRDA:52,3,0,240
BRDA:52,3,1,225
BRDA:54,4,0,240
BRDA:54,4,1,236
BRDA:81,5,0,16
BRDA:81,5,1,5537
BRDA:93,6,0,1
BRDA:93,6,1,152
BRDA:106,7,0,108
BRDA:106,7,1,39
BRDA:122,8,0,0
BRDA:122,8,1,7551
BRDA:129,9,0,12365
BRDA:129,9,1,376
BRDA:129,9,2,210
BRDA:134,10,0,7341
BRDA:134,10,1,210
BRDA:152,11,0,183
BRDA:152,11,1,6
BRDA:176,12,0,6
BRDA:176,12,1,21
BRDA:217,13,0,6
BRDA:217,13,1,0
BRDA:237,14,0,197
BRDA:237,14,1,2
BRDA:237,15,0,199
BRDA:237,15,1,199
BRDA:266,16,0,3
BRDA:266,16,1,0
BRDA:346,17,0,9
BRDA:346,17,1,7
BRF:36
BRH:32
end_of_record
TN:
SF:src/broker/storage.js
FN:8,(anonymous_0)
FN:18,(anonymous_1)
FN:28,(anonymous_2)
FNF:3
FNH:3
FNDA:116,(anonymous_0)
FNDA:1370,(anonymous_1)
FNDA:160,(anonymous_2)
DA:9,116
DA:10,116
DA:19,1370
DA:20,1370
DA:29,160
DA:30,160
DA:32,62
DA:33,62
DA:35,33
DA:36,33
DA:38,33
DA:39,1165
DA:40,1165
DA:41,1163
DA:42,1163
DA:44,4
DA:52,33
LF:17
LH:17
BRDA:8,0,0,5
BRDA:10,1,0,40
BRDA:10,1,1,76
BRDA:30,2,0,98
BRDA:30,2,1,62
BRDA:33,3,0,29
BRDA:33,3,1,33
BRDA:40,4,0,1163
BRDA:40,4,1,2
BRF:9
BRH:9
end_of_record
TN:
SF:src/modules/booking-module/controllers/bookingController.js
FN:4,(anonymous_0)
FN:8,(anonymous_1)
FN:14,(anonymous_2)
FN:23,(anonymous_3)
FN:37,(anonymous_4)
FN:45,(anonymous_5)
FN:59,(anonymous_6)
FNF:7
FNH:7
FNDA:1,(anonymous_0)
FNDA:2,(anonymous_1)
FNDA:3,(anonymous_2)
FNDA:3,(anonymous_3)
FNDA:2,(anonymous_4)
FNDA:3,(anonymous_5)
FNDA:3,(anonymous_6)
DA:3,19
DA:5,1
DA:6,1
DA:9,2
DA:10,2
DA:11,1
DA:12,1
DA:15,3
DA:16,3
DA:17,1
DA:19,2
DA:20,2
DA:24,3
DA:25,3
DA:29,2
DA:30,1
DA:31,1
DA:33,1
DA:34,1
DA:38,2
DA:39,2
DA:40,1
DA:43,1
DA:46,3
DA:47,3
DA:48,3
DA:53,1
DA:55,2
DA:56,2
DA:60,3
DA:61,3
DA:64,2
DA:65,1
DA:68,1
DA:73,1
DA:74,1
LF:36
LH:36
BRDA:10,0,0,1
BRDA:10,0,1,1
BRDA:19,1,0,2
BRDA:19,1,1,1
BRDA:29,2,0,1
BRDA:29,2,1,1
BRDA:33,3,0,1
BRDA:33,3,1,1
BRDA:39,4,0,1
BRDA:39,4,1,1
BRDA:55,5,0,2
BRDA:55,5,1,1
BRDA:64,6,0,1
BRDA:64,6,1,1
BRDA:73,7,0,1
BRDA:73,7,1,1
BRF:16
BRH:16
end_of_record
TN:
SF:src/modules/booking-module/facades/bookingFacade.js
FN:5,(anonymous_0)
FN:9,(anonymous_1)
FN:17,(anonymous_2)
FN:21,(anonymous_3)
FN:32,(anonymous_4)
FN:36,(anonymous_5)
FN:54,(anonymous_6)
FNF:7
FNH:7
FNDA:1,(anonymous_0)
FNDA:2,(anonymous_1)
FNDA:2,(anonymous_2)
FNDA:3,(anonymous_3)
FNDA:1,(anonymous_4)
FNDA:6,(anonymous_5)
FNDA:3,(anonymous_6)
DA:4,3
DA:6,1
DA:10,2
DA:11,2
DA:12,1
DA:14,1
DA:18,2
DA:22,3
DA:26,2
DA:27,1
DA:29,1
DA:33,1
DA:37,6
DA:38,6
DA:39,2
DA:40,2
DA:41,2
DA:44,4
DA:45,4
DA:46,2
DA:47,2
DA:48,2
DA:51,2
DA:55,3
DA:56,2
DA:57,1
DA:59,1
LF:27
LH:27
BRDA:11,0,0,1
BRDA:11,0,1,1
BRDA:26,1,0,1
BRDA:26,1,1,1
BRDA:38,2,0,2
BRDA:38,2,1,4
BRDA:45,3,0,2
BRDA:45,3,1,2
BRDA:56,4,0,1
BRDA:56,4,1,1
BRF:10
BRH:10
end_of_record
TN:
SF:src/modules/notification-module/templates.js
FN:57,getNotificationTemplate
FNF:1
FNH:1
FNDA:13,getNotificationTemplate
DA:2,3
DA:3,3
DA:4,3
DA:5,3
DA:6,3
DA:7,3
DA:8,3
DA:9,3
DA:10,3
DA:11,3
DA:14,3
DA:58,13
DA:59,13
DA:60,1
DA:63,12
DA:64,12
DA:66,12
DA:67,16
DA:68,16
DA:69,16
DA:72,12
LF:21
LH:21
BRDA:59,0,0,1
BRDA:59,0,1,12
BRF:2
BRH:2
end_of_record
TN:
SF:src/modules/ride-module/controllers/rideController.js
FN:4,(anonymous_0)
FN:8,(anonymous_1)
FN:13,(anonymous_2)
FN:17,(anonymous_3)
FN:22,(anonymous_4)
FN:29,(anonymous_5)
FN:33,(anonymous_6)
FN:39,(anonymous_7)
FN:43,(anonymous_8)
FN:52,(anonymous_9)
FN:59,(anonymous_10)
FN:64,(anonymous_11)
FN:69,(anonymous_12)
FNF:13
FNH:13
FNDA:2,(anonymous_0)
FNDA:3,(anonymous_1)
FNDA:2,(anonymous_2)
FNDA:3,(anonymous_3)
FNDA:3,(anonymous_4)
FNDA:2,(anonymous_5)
FNDA:3,(anonymous_6)
FNDA:2,(anonymous_7)
FNDA:3,(anonymous_8)
FNDA:3,(anonymous_9)
FNDA:3,(anonymous_10)
FNDA:3,(anonymous_11)
FNDA:3,(anonymous_12)
DA:3,3
DA:5,2
DA:6,1
DA:9,3
DA:10,2
DA:11,1
DA:14,2
DA:15,1
DA:18,3
DA:19,2
DA:20,1
DA:23,3
DA:24,2
DA:25,1
DA:30,2
DA:31,1
DA:34,3
DA:35,2
DA:36,1
DA:37,1
DA:40,2
DA:41,1
DA:44,3
DA:48,2
DA:49,1
DA:50,1
DA:53,3
DA:54,2
DA:55,1
DA:56,1
DA:60,3
DA:61,2
DA:62,1
DA:65,3
DA:66,2
DA:67,1
DA:70,3
DA:71,2
DA:72,1
DA:73,1
LF:40
LH:40
BRDA:10,0,0,1
BRDA:10,0,1,1
BRDA:19,1,0,1
BRDA:19,1,1,1
BRDA:24,2,0,1
BRDA:24,2,1,1
BRDA:35,3,0,1
BRDA:35,3,1,1
BRDA:48,4,0,1
BRDA:48,4,1,1
BRDA:54,5,0,1
BRDA:54,5,1,1
BRDA:61,6,0,1
BRDA:61,6,1,1
BRDA:66,7,0,1
BRDA:66,7,1,1
BRDA:71,8,0,1
BRDA:71,8,1,1
BRF:18
BRH:18
end_of_record
TN:
SF:src/modules/ride-module/cron/generateRecurringRides.js
FN:33,getActiveRecurringRideModels
FN:47,getUpcomingDatesForInstanceGeneration
FN:58,(anonymous_2)
FN:70,shouldGenerateInstanceForDate
FN:90,buildInstanceDepartureDateTime
FN:119,createRideInstanceIfNotExists
FN:168,generateRecurringRideInstances
FNF:7
FNH:7
FNDA:9,getActiveRecurringRideModels
FNDA:8,getUpcomingDatesForInstanceGeneration
FNDA:105,(anonymous_2)
FNDA:75,shouldGenerateInstanceForDate
FNDA:27,buildInstanceDepartureDateTime
FNDA:27,createRideInstanceIfNotExists
FNDA:9,generateRecurringRideInstances
DA:4,3
DA:6,3
DA:16,3
DA:34,9
DA:35,9
DA:48,8
DA:49,8
DA:50,8
DA:52,8
DA:53,106
DA:54,105
DA:55,105
DA:57,7
DA:58,105
DA:60,7
DA:71,75
DA:77,0
DA:79,75
DA:80,75
DA:91,27
DA:92,27
DA:94,24
DA:95,24
DA:103,3
DA:104,3
DA:108,27
DA:124,27
DA:133,27
DA:134,24
DA:137,24
DA:138,24
DA:145,23
DA:149,1
DA:156,3
DA:169,9
DA:170,9
DA:171,9
DA:172,8
DA:174,7
DA:175,1
DA:176,1
DA:178,6
DA:182,6
DA:183,7
DA:187,7
DA:191,2
DA:194,2
DA:197,5
DA:198,75
DA:200,27
DA:201,27
DA:208,6
DA:212,2
DA:216,2
LF:54
LH:53
BRDA:17,0,0,3
BRDA:17,0,1,3
BRDA:71,1,0,0
BRDA:71,1,1,75
BRDA:72,2,0,75
BRDA:72,2,1,75
BRDA:92,3,0,24
BRDA:92,3,1,3
BRDA:94,4,0,0
BRDA:133,5,0,24
BRDA:133,5,1,3
BRDA:174,6,0,1
BRDA:174,6,1,6
BRDA:187,7,0,2
BRDA:187,7,1,5
BRDA:188,8,0,7
BRDA:188,8,1,6
BRDA:198,9,0,27
BRDA:198,9,1,48
BRF:19
BRH:17
end_of_record
TN:
SF:src/modules/ride-module/facades/rideFacade.js
FN:4,(anonymous_0)
FN:5,(anonymous_1)
FN:6,(anonymous_2)
FN:7,(anonymous_3)
FN:8,(anonymous_4)
FN:9,(anonymous_5)
FN:10,(anonymous_6)
FN:11,(anonymous_7)
FN:12,(anonymous_8)
FN:14,(anonymous_9)
FN:15,(anonymous_10)
FN:16,(anonymous_11)
FN:17,(anonymous_12)
FNF:13
FNH:13
FNDA:2,(anonymous_0)
FNDA:2,(anonymous_1)
FNDA:2,(anonymous_2)
FNDA:2,(anonymous_3)
FNDA:2,(anonymous_4)
FNDA:2,(anonymous_5)
FNDA:2,(anonymous_6)
FNDA:2,(anonymous_7)
FNDA:2,(anonymous_8)
FNDA:2,(anonymous_9)
FNDA:2,(anonymous_10)
FNDA:2,(anonymous_11)
FNDA:2,(anonymous_12)
DA:3,3
DA:4,2
DA:5,2
DA:6,2
DA:7,2
DA:8,2
DA:9,2
DA:10,2
DA:11,2
DA:13,2
DA:14,2
DA:15,2
DA:16,2
DA:17,2
LF:14
LH:14
BRF:0
BRH:0
end_of_record
TN:
SF:src/modules/user-module/controllers/adminController.js
FN:6,(anonymous_0)
FN:29,(anonymous_1)
FN:43,(anonymous_2)
FN:60,(anonymous_3)
FN:91,(anonymous_4)
FN:117,(anonymous_5)
FN:129,(anonymous_6)
FN:152,(anonymous_7)
FN:175,(anonymous_8)
FN:198,(anonymous_9)
FN:221,(anonymous_10)
FNF:11
FNH:11
FNDA:4,(anonymous_0)
FNDA:2,(anonymous_1)
FNDA:3,(anonymous_2)
FNDA:7,(anonymous_3)
FNDA:4,(anonymous_4)
FNDA:2,(anonymous_5)
FNDA:4,(anonymous_6)
FNDA:4,(anonymous_7)
FNDA:4,(anonymous_8)
FNDA:4,(anonymous_9)
FNDA:3,(anonymous_10)
DA:6,1
DA:7,4
DA:8,4
DA:9,4
DA:10,1
DA:14,3
DA:15,2
DA:16,1
DA:20,1
DA:22,1
DA:23,1
DA:29,1
DA:30,2
DA:31,2
DA:34,1
DA:36,1
DA:37,1
DA:43,1
DA:44,3
DA:45,3
DA:48,2
DA:49,1
DA:51,1
DA:53,1
DA:54,1
DA:60,1
DA:61,7
DA:62,7
DA:63,7
DA:64,7
DA:65,6
DA:66,1
DA:67,1
DA:70,5
DA:71,4
DA:72,1
DA:73,1
DA:78,3
DA:79,2
DA:80,1
DA:81,1
DA:83,4
DA:84,4
DA:85,4
DA:91,1
DA:92,4
DA:93,4
DA:94,4
DA:95,1
DA:99,3
DA:103,2
DA:104,1
DA:108,1
DA:110,1
DA:111,1
DA:117,1
DA:118,2
DA:119,2
DA:120,1
DA:122,1
DA:123,1
DA:129,1
DA:130,4
DA:131,4
DA:132,4
DA:133,3
DA:135,3
DA:136,1
DA:137,2
DA:138,1
DA:140,1
DA:141,1
DA:145,1
DA:146,1
DA:152,1
DA:153,4
DA:154,4
DA:155,4
DA:156,4
DA:158,4
DA:159,1
DA:160,3
DA:161,1
DA:163,2
DA:164,1
DA:168,1
DA:169,1
DA:175,1
DA:176,4
DA:177,4
DA:178,4
DA:179,3
DA:181,3
DA:182,1
DA:183,2
DA:184,1
DA:186,1
DA:187,1
DA:191,1
DA:192,1
DA:198,1
DA:199,4
DA:200,4
DA:201,4
DA:202,4
DA:204,4
DA:205,1
DA:206,3
DA:207,1
DA:209,2
DA:210,1
DA:214,1
DA:215,1
DA:221,1
DA:222,3
DA:223,3
DA:226,2
DA:227,1
DA:229,1
DA:231,1
DA:232,1
LF:121
LH:121
BRDA:9,0,0,1
BRDA:9,0,1,3
BRDA:15,1,0,1
BRDA:15,1,1,1
BRDA:48,2,0,1
BRDA:48,2,1,1
BRDA:65,3,0,1
BRDA:65,3,1,5
BRDA:71,4,0,1
BRDA:71,4,1,3
BRDA:94,5,0,1
BRDA:94,5,1,3
BRDA:103,6,0,1
BRDA:103,6,1,1
BRDA:135,7,0,1
BRDA:135,7,1,2
BRDA:137,8,0,1
BRDA:137,8,1,1
BRDA:158,9,0,1
BRDA:158,9,1,3
BRDA:160,10,0,1
BRDA:160,10,1,2
BRDA:181,11,0,1
BRDA:181,11,1,2
BRDA:183,12,0,1
BRDA:183,12,1,1
BRDA:204,13,0,1
BRDA:204,13,1,3
BRDA:206,14,0,1
BRDA:206,14,1,2
BRDA:226,15,0,1
BRDA:226,15,1,1
BRF:32
BRH:32
end_of_record
TN:
SF:src/modules/user-module/controllers/userController.js
FN:19,(anonymous_0)
FN:26,(anonymous_1)
FN:40,(anonymous_2)
FN:66,(anonymous_3)
FN:78,(anonymous_4)
FN:94,(anonymous_5)
FN:136,(anonymous_6)
FN:180,(anonymous_7)
FN:197,(anonymous_8)
FN:234,(anonymous_9)
FN:274,(anonymous_10)
FN:293,(anonymous_11)
FN:314,(anonymous_12)
FN:336,(anonymous_13)
FN:370,(anonymous_14)
FN:387,(anonymous_15)
FN:417,generateAuthTokens
FN:420,(anonymous_17)
FNF:18
FNH:17
FNDA:1,(anonymous_0)
FNDA:2,(anonymous_1)
FNDA:5,(anonymous_2)
FNDA:2,(anonymous_3)
FNDA:4,(anonymous_4)
FNDA:5,(anonymous_5)
FNDA:9,(anonymous_6)
FNDA:2,(anonymous_7)
FNDA:4,(anonymous_8)
FNDA:5,(anonymous_9)
FNDA:3,(anonymous_10)
FNDA:2,(anonymous_11)
FNDA:2,(anonymous_12)
FNDA:3,(anonymous_13)
FNDA:2,(anonymous_14)
FNDA:4,(anonymous_15)
FNDA:1,generateAuthTokens
FNDA:0,(anonymous_17)
DA:12,3
DA:19,3
DA:27,2
DA:28,1
DA:31,1
DA:41,5
DA:42,5
DA:45,5
DA:46,2
DA:51,3
DA:56,1
DA:57,1
DA:67,2
DA:68,1
DA:69,1
DA:79,4
DA:80,4
DA:81,3
DA:82,2
DA:84,1
DA:85,1
DA:95,5
DA:96,5
DA:97,5
DA:100,5
DA:101,1
DA:106,4
DA:107,1
DA:111,3
DA:116,1
DA:117,1
DA:119,0
DA:124,2
DA:127,2
DA:137,9
DA:138,9
DA:139,9
DA:140,1
DA:144,8
DA:145,1
DA:147,7
DA:148,1
DA:153,6
DA:154,6
DA:156,4
DA:157,1
DA:159,3
DA:160,1
DA:162,2
DA:164,2
DA:165,1
DA:167,1
DA:168,1
DA:170,0
DA:181,2
DA:182,2
DA:183,2
DA:184,1
DA:185,1
DA:187,1
DA:198,4
DA:199,4
DA:201,4
DA:202,4
DA:204,3
DA:205,1
DA:209,2
DA:210,1
DA:212,1
DA:215,1
DA:217,1
DA:218,1
DA:220,0
DA:223,0
DA:235,5
DA:236,5
DA:237,5
DA:240,5
DA:241,5
DA:242,5
DA:243,5
DA:244,2
DA:245,1
DA:250,1
DA:251,1
DA:254,5
DA:255,1
DA:261,4
DA:262,1
DA:264,3
DA:275,3
DA:276,3
DA:277,3
DA:278,1
DA:280,2
DA:281,1
DA:283,1
DA:294,2
DA:295,2
DA:296,2
DA:297,2
DA:298,1
DA:304,1
DA:315,2
DA:316,2
DA:317,2
DA:318,2
DA:319,1
DA:325,1
DA:337,3
DA:338,3
DA:339,3
DA:343,3
DA:344,3
DA:349,2
DA:350,1
DA:352,1
DA:354,1
DA:360,0
DA:371,2
DA:372,2
DA:374,2
DA:375,1
DA:377,1
DA:388,4
DA:389,4
DA:391,4
DA:392,4
DA:394,3
DA:395,1
DA:397,2
DA:399,1
DA:405,0
DA:419,1
DA:420,1
DA:422,1
DA:427,1
DA:428,0
DA:429,0
DA:433,0
DA:435,1
DA:436,1
LF:142
LH:133
BRDA:45,0,0,2
BRDA:45,0,1,3
BRDA:81,1,0,2
BRDA:81,1,1,1
BRDA:100,2,0,1
BRDA:100,2,1,4
BRDA:100,3,0,5
BRDA:100,3,1,2
BRDA:106,4,0,1
BRDA:106,4,1,3
BRDA:106,5,0,4
BRDA:106,5,1,1
BRDA:116,6,0,1
BRDA:116,6,1,0
BRDA:116,7,0,1
BRDA:116,7,1,1
BRDA:139,8,0,1
BRDA:139,8,1,8
BRDA:139,9,0,9
BRDA:139,9,1,2
BRDA:144,10,0,1
BRDA:144,10,1,7
BRDA:147,11,0,1
BRDA:147,11,1,6
BRDA:147,12,0,7
BRDA:147,12,1,1
BRDA:156,13,0,1
BRDA:156,13,1,3
BRDA:159,14,0,1
BRDA:159,14,1,2
BRDA:164,15,0,1
BRDA:164,15,1,1
BRDA:204,16,0,1
BRDA:204,16,1,2
BRDA:209,17,0,1
BRDA:209,17,1,1
BRDA:244,18,0,1
BRDA:244,18,1,1
BRDA:244,19,0,2
BRDA:244,19,1,1
BRDA:250,20,0,1
BRDA:250,20,1,0
BRDA:261,21,0,1
BRDA:261,21,1,3
BRDA:280,22,0,1
BRDA:280,22,1,1
BRDA:349,23,0,1
BRDA:349,23,1,1
BRDA:394,24,0,1
BRDA:394,24,1,2
BRDA:427,25,0,0
BRDA:427,25,1,1
BRF:52
BRH:49
end_of_record
TN:
SF:src/modules/user-module/facades/userFacade.js
FN:22,(anonymous_0)
FN:38,(anonymous_1)
FN:54,(anonymous_2)
FN:65,(anonymous_3)
FN:77,(anonymous_4)
FN:97,(anonymous_5)
FN:110,(anonymous_6)
FN:125,(anonymous_7)
FN:143,(anonymous_8)
FN:155,(anonymous_9)
FN:167,(anonymous_10)
FN:181,(anonymous_11)
FN:197,(anonymous_12)
FN:213,(anonymous_13)
FN:226,(anonymous_14)
FNF:15
FNH:15
FNDA:2,(anonymous_0)
FNDA:3,(anonymous_1)
FNDA:2,(anonymous_2)
FNDA:3,(anonymous_3)
FNDA:1,(anonymous_4)
FNDA:3,(anonymous_5)
FNDA:2,(anonymous_6)
FNDA:2,(anonymous_7)
FNDA:3,(anonymous_8)
FNDA:3,(anonymous_9)
FNDA:3,(anonymous_10)
FNDA:3,(anonymous_11)
FNDA:5,(anonymous_12)
FNDA:5,(anonymous_13)
FNDA:3,(anonymous_14)
DA:5,3
DA:16,3
DA:23,2
DA:26,2
DA:39,3
DA:42,3
DA:55,2
DA:56,2
DA:66,3
DA:67,3
DA:78,1
DA:79,1
DA:80,1
DA:81,1
DA:83,0
DA:87,0
DA:98,3
DA:99,3
DA:100,3
DA:111,2
DA:114,2
DA:126,2
DA:127,2
DA:128,2
DA:129,1
DA:130,1
DA:131,1
DA:144,3
DA:145,3
DA:156,3
DA:157,3
DA:168,3
DA:171,3
DA:182,3
DA:185,3
DA:198,5
DA:201,5
DA:214,5
DA:217,5
DA:227,3
DA:230,3
LF:41
LH:39
BRDA:80,0,0,1
BRDA:80,0,1,0
BRDA:84,1,0,0
BRDA:84,1,1,0
BRDA:98,2,0,3
BRDA:98,2,1,3
BRDA:127,3,0,2
BRDA:127,3,1,2
BRF:8
BRH:5
end_of_record
TN:
SF:src/modules/user-module/utils/sendOtp.js
FN:10,sendOtpEmail
FNF:1
FNH:1
FNDA:2,sendOtpEmail
DA:11,2
DA:12,2
DA:19,1
DA:21,1
DA:22,1
LF:5
LH:5
BRDA:13,0,0,2
BRDA:13,0,1,2
BRF:2
BRH:2
end_of_record
TN:
SF:src/utils/customErrors.js
FN:17,(anonymous_0)
FN:41,(anonymous_1)
FN:57,(anonymous_2)
FN:74,(anonymous_3)
FN:90,(anonymous_4)
FN:107,(anonymous_5)
FN:124,(anonymous_6)
FNF:7
FNH:7
FNDA:21,(anonymous_0)
FNDA:4,(anonymous_1)
FNDA:3,(anonymous_2)
FNDA:2,(anonymous_3)
FNDA:5,(anonymous_4)
FNDA:2,(anonymous_5)
FNDA:2,(anonymous_6)
DA:18,21
DA:19,21
DA:20,21
DA:21,21
DA:22,21
DA:24,21
DA:25,21
DA:42,4
DA:58,3
DA:75,2
DA:91,5
DA:108,2
DA:125,2
LF:13
LH:13
BRDA:24,0,0,21
BRDA:24,0,1,0
BRDA:41,1,0,1
BRDA:57,2,0,1
BRDA:74,3,0,1
BRDA:90,4,0,1
BRDA:107,5,0,1
BRDA:124,6,0,1
BRF:8
BRH:7
end_of_record
TN:
SF:src/utils/errorHandler.js
FN:9,errorHandlerPlugin
FN:11,(anonymous_1)
FNF:2
FNH:2
FNDA:4,errorHandlerPlugin
FNDA:3,(anonymous_1)
DA:10,4
DA:11,4
DA:12,3
DA:13,1
DA:18,2
DA:19,1
DA:24,1
LF:7
LH:7
BRDA:12,0,0,1
BRDA:12,0,1,2
BRDA:12,1,0,3
BRDA:12,1,1,3
BRDA:12,1,2,2
BRDA:16,2,0,1
BRDA:16,2,1,0
BRDA:18,3,0,1
BRDA:18,3,1,1
BRDA:18,4,0,2
BRDA:18,4,1,2
BRDA:20,5,0,1
BRDA:20,5,1,0
BRF:13
BRH:11
end_of_record
TN:
SF:src/utils/jwt.js
FN:5,jwtPlugin
FN:16,(anonymous_1)
FN:30,(anonymous_2)
FNF:3
FNH:3
FNDA:5,jwtPlugin
FNDA:2,(anonymous_1)
FNDA:1,(anonymous_2)
DA:6,5
DA:7,5
DA:8,1
DA:12,5
DA:16,5
DA:17,2
DA:18,2
DA:20,1
DA:24,1
DA:30,5
DA:31,1
DA:34,5
LF:12
LH:12
BRDA:7,0,0,1
BRDA:7,0,1,4
BRDA:13,1,0,5
BRDA:13,1,1,1
BRDA:30,2,0,1
BRF:5
BRH:5
end_of_record
TN:
SF:src/utils/logger.js
FN:19,createLogger
FN:88,sanitizeLogFileName
FNF:2
FNH:2
FNDA:25,createLogger
FNDA:25,sanitizeLogFileName
DA:5,11
DA:7,11
DA:20,25
DA:21,25
DA:23,25
DA:27,25
DA:35,25
DA:39,25
DA:40,3
DA:50,22
DA:72,22
DA:89,25
LF:12
LH:12
BRDA:19,0,0,1
BRDA:19,1,0,25
BRDA:21,2,0,1
BRDA:21,2,1,24
BRDA:35,3,0,25
BRDA:35,3,1,22
BRDA:35,3,2,22
BRDA:37,4,0,1
BRDA:37,4,1,21
BRDA:39,5,0,3
BRDA:39,5,1,22
BRF:11
BRH:11
end_of_record
TN:
SF:src/utils/mailer.js
FN:57,(anonymous_0)
FNF:1
FNH:1
FNDA:7,(anonymous_0)
DA:4,9
DA:17,9
DA:19,9
DA:20,9
DA:21,9
DA:22,9
DA:23,9
DA:24,9
DA:26,9
DA:27,1
DA:35,8
DA:36,1
DA:37,1
DA:38,7
DA:39,2
DA:40,2
DA:43,5
DA:44,5
DA:47,8
DA:57,7
DA:58,7
DA:59,1
DA:63,1
DA:65,6
DA:72,1
DA:76,1
LF:26
LH:26
BRDA:26,0,0,1
BRDA:26,0,1,8
BRDA:26,1,0,9
BRDA:26,1,1,9
BRDA:26,1,2,8
BRDA:35,2,0,1
BRDA:35,2,1,7
BRDA:37,3,0,1
BRDA:37,3,1,0
BRDA:38,4,0,2
BRDA:38,4,1,5
BRDA:40,5,0,2
BRDA:40,5,1,1
BRDA:43,6,0,5
BRDA:43,6,1,1
BRDA:58,7,0,1
BRDA:58,7,1,6
BRF:17
BRH:16
end_of_record
TN:
SF:src/utils/rbacPlugin.js
FN:11,rbacPlugin
FN:24,(anonymous_1)
FN:25,(anonymous_2)
FN:125,(anonymous_3)
FN:126,(anonymous_4)
FNF:5
FNH:5
FNDA:14,rbacPlugin
FNDA:14,(anonymous_1)
FNDA:8,(anonymous_2)
FNDA:14,(anonymous_3)
FNDA:5,(anonymous_4)
DA:24,14
DA:25,14
DA:26,8
DA:27,1
DA:30,1
DA:35,7
DA:36,1
DA:39,1
DA:42,1
DA:45,6
DA:46,2
DA:49,2
DA:57,4
DA:58,4
DA:60,4
DA:61,4
DA:62,3
DA:63,0
DA:66,0
DA:71,3
DA:84,2
DA:88,1
DA:92,1
DA:96,1
DA:102,3
DA:103,2
DA:106,2
DA:125,14
DA:126,14
DA:127,5
DA:128,1
DA:131,1
DA:135,4
DA:136,2
DA:139,2
DA:144,2
DA:146,2
DA:147,1
DA:150,1
LF:39
LH:37
BRDA:26,0,0,1
BRDA:26,0,1,7
BRDA:35,1,0,1
BRDA:35,1,1,6
BRDA:35,2,0,7
BRDA:35,2,1,7
BRDA:45,3,0,2
BRDA:45,3,1,4
BRDA:45,4,0,6
BRDA:45,4,1,5
BRDA:61,5,0,3
BRDA:61,5,1,1
BRDA:62,6,0,0
BRDA:62,6,1,3
BRDA:84,7,0,1
BRDA:84,7,1,1
BRDA:85,8,0,2
BRDA:85,8,1,2
BRDA:102,9,0,2
BRDA:102,9,1,1
BRDA:127,10,0,1
BRDA:127,10,1,4
BRDA:135,11,0,2
BRDA:135,11,1,2
BRDA:135,12,0,4
BRDA:135,12,1,3
BRDA:146,13,0,1
BRDA:146,13,1,1
BRF:28
BRH:27
end_of_record
TN:
SF:src/utils/redisCache.js
FN:25,(anonymous_0)
FN:50,(anonymous_1)
FN:63,(anonymous_2)
FN:93,(anonymous_3)
FN:121,(anonymous_4)
FN:148,(anonymous_5)
FNF:6
FNH:6
FNDA:17,(anonymous_0)
FNDA:19,(anonymous_1)
FNDA:7,(anonymous_2)
FNDA:3,(anonymous_3)
FNDA:3,(anonymous_4)
FNDA:3,(anonymous_5)
DA:4,16
DA:17,16
DA:26,17
DA:27,1
DA:31,16
DA:32,16
DA:33,15
DA:37,1
DA:41,1
DA:51,19
DA:52,16
DA:54,19
DA:64,7
DA:65,1
DA:66,1
DA:68,6
DA:69,6
DA:70,5
DA:71,5
DA:72,2
DA:73,2
DA:75,3
DA:77,1
DA:81,1
DA:94,3
DA:95,1
DA:96,1
DA:98,2
DA:99,2
DA:100,2
DA:103,1
DA:106,1
DA:108,1
DA:112,1
DA:122,3
DA:123,1
DA:126,1
DA:128,2
DA:129,2
DA:131,1
DA:135,1
DA:149,3
DA:150,3
DA:152,2
DA:153,2
DA:156,2
DA:158,1
DA:166,1
DA:169,0
DA:173,16
LF:50
LH:49
BRDA:26,0,0,1
BRDA:26,0,1,16
BRDA:51,1,0,16
BRDA:51,1,1,3
BRDA:64,2,0,1
BRDA:64,2,1,6
BRDA:71,3,0,2
BRDA:71,3,1,3
BRDA:71,4,0,5
BRDA:71,4,1,3
BRDA:93,5,0,2
BRDA:94,6,0,1
BRDA:94,6,1,2
BRDA:122,7,0,1
BRDA:122,7,1,2
BRDA:150,8,0,1
BRDA:150,8,1,2
BRDA:152,9,0,2
BRDA:152,9,1,0
BRDA:152,10,0,2
BRDA:152,10,1,2
BRF:21
BRH:20
end_of_record
